<?xml version="1.0" encoding="UTF-8"?>
<!-- Generated by org.testng.reporters.JUnitReportReporter -->
<testsuite skipped="0" hostname="Sayeed-LpTop1" name="TestNGPack.testng1" tests="4" failures="0" timestamp="2019-10-31T02:53:06 EDT" time="0.011" errors="0">
  <testcase name="openURL" time="0.007" classname="TestNGPack.testng1"/>
  <testcase name="search" time="0.001" classname="TestNGPack.testng1"/>
  <testcase name="advsearch" time="0.002" classname="TestNGPack.testng1"/>
  <testcase name="recharge" time="0.001" classname="TestNGPack.testng1"/>
</testsuite> <!-- TestNGPack.testng1 -->
