<?xml version="1.0" encoding="UTF-8"?>
<!-- Generated by org.testng.reporters.JUnitReportReporter -->
<testsuite skipped="0" hostname="Sayeed-LpTop1" name="TestNGPack.testng2" tests="1" failures="0" timestamp="2019-10-31T02:51:54 EDT" time="0.009" errors="0">
  <testcase name="search" time="0.009" classname="TestNGPack.testng2"/>
</testsuite> <!-- TestNGPack.testng2 -->
