<?xml version="1.0" encoding="UTF-8"?>
<!-- Generated by org.testng.reporters.JUnitReportReporter -->
<testsuite skipped="0" hostname="Sayeed-LpTop1" name="TestNGPack.Testnggoogle" tests="2" failures="0" timestamp="2019-11-03T00:10:15 EDT" time="2.570" errors="0">
  <testcase name="googleTitle" time="0.031" classname="TestNGPack.Testnggoogle"/>
  <testcase name="SimpleSearch" time="2.539" classname="TestNGPack.Testnggoogle"/>
</testsuite> <!-- TestNGPack.Testnggoogle -->
